Build started 18/11/2015 13:45:18.
     1>Project "E:\Univercity\Year 3\Game Project Design and Plan\GameEngine 2015\GameEngine\GameEngine.vcxproj" on node 2 (Build target(s)).
     1>ClCompile:
         C:\Program Files (x86)\Microsoft Visual Studio 14.0\VC\bin\CL.exe /c /I"E:\Univercity\Year 3\Game Project Design and Plan\GameEngine 2015\\" /I"E:\Univercity\Year 3\Game Project Design and Plan\GameEngine 2015\Dependancies/include" /ZI /nologo /W3 /WX- /sdl /Od /Oy- /D WIN32 /D _DEBUG /D _LIB /D _UNICODE /D UNICODE /Gm /EHsc /RTC1 /MDd /GS /fp:precise /Zc:wchar_t /Zc:forScope /Zc:inline /Fo"Debug\\" /Fd"Debug\GameEngine.pdb" /Gd /TP /analyze- /errorReport:prompt GameEngine.cpp ParticleBatch2D.cpp ParticleEngine.cpp Sprite.cpp SpriteBatch.cpp SpriteFont.cpp
         GameEngine.cpp
         Generating Code...
         Compiling...
         SpriteBatch.cpp
         Generating Code...
         Skipping... (no relevant changes detected)
         SpriteFont.cpp
         Sprite.cpp
         ParticleEngine.cpp
         ParticleBatch2D.cpp
       Lib:
         C:\Program Files (x86)\Microsoft Visual Studio 14.0\VC\bin\Lib.exe /OUT:"E:\Univercity\Year 3\Game Project Design and Plan\GameEngine 2015\Debug\GameEngine.lib" /NOLOGO Debug\AudioManager.obj
         Debug\Camera.obj
         Debug\Clock.obj
         Debug\GameContext.obj
         Debug\GameEngine.obj
         Debug\GLSLProgram.obj
         Debug\InputManager.obj
         Debug\ParticleBatch2D.obj
         Debug\ParticleEngine.obj
         Debug\AudioEngineWrapper.obj
         Debug\Utility.obj
         Debug\ResourceManager.obj
         Debug\Sprite.obj
         Debug\SpriteBatch.obj
         Debug\SpriteFont.obj
         Debug\TextureManager.obj
         Debug\Time.obj
         Debug\Window.obj
         GameEngine.vcxproj -> E:\Univercity\Year 3\Game Project Design and Plan\GameEngine 2015\Debug\GameEngine.lib
     1>Done Building Project "E:\Univercity\Year 3\Game Project Design and Plan\GameEngine 2015\GameEngine\GameEngine.vcxproj" (Build target(s)).

Build succeeded.

Time Elapsed 00:00:06.15
