k:\univercity\gameengine 2\gameengine\release\gameengine.pdb
k:\univercity\gameengine 2\gameengine\release\window.obj
k:\univercity\gameengine 2\gameengine\release\time.obj
k:\univercity\gameengine 2\gameengine\release\texturemanager.obj
k:\univercity\gameengine 2\gameengine\release\spritefont.obj
k:\univercity\gameengine 2\gameengine\release\spritebatch.obj
k:\univercity\gameengine 2\gameengine\release\sprite.obj
k:\univercity\gameengine 2\gameengine\release\resourcemanager.obj
k:\univercity\gameengine 2\gameengine\release\utility.obj
k:\univercity\gameengine 2\gameengine\release\audioenginewrapper.obj
k:\univercity\gameengine 2\gameengine\release\particleengine.obj
k:\univercity\gameengine 2\gameengine\release\particlebatch2d.obj
k:\univercity\gameengine 2\gameengine\release\inputmanager.obj
k:\univercity\gameengine 2\gameengine\release\glslprogram.obj
k:\univercity\gameengine 2\gameengine\release\gameengine.obj
k:\univercity\gameengine 2\gameengine\release\gamecontext.obj
k:\univercity\gameengine 2\gameengine\release\clock.obj
k:\univercity\gameengine 2\gameengine\release\camera.obj
k:\univercity\gameengine 2\gameengine\release\audiomanager.obj
k:\univercity\gameengine 2\release\gameengine.lib
k:\univercity\gameengine 2\gameengine\release\gameengine.tlog\cl.read.1.tlog
k:\univercity\gameengine 2\gameengine\release\gameengine.tlog\cl.write.1.tlog
k:\univercity\gameengine 2\gameengine\release\gameengine.tlog\cl.command.1.tlog
k:\univercity\gameengine 2\gameengine\release\gameengine.tlog\lib-link.read.1.tlog
k:\univercity\gameengine 2\gameengine\release\gameengine.tlog\lib-link.write.1.tlog
k:\univercity\gameengine 2\gameengine\release\gameengine.tlog\lib.command.1.tlog
