c:\users\alan easdale\documents\univercity\year 3\game project design and plan\gameengine 2015\gameengine\debug\gameengine.pdb
c:\users\alan easdale\documents\univercity\year 3\game project design and plan\gameengine 2015\gameengine\debug\gameengine.idb
c:\users\alan easdale\documents\univercity\year 3\game project design and plan\gameengine 2015\gameengine\debug\audiomanager.obj
c:\users\alan easdale\documents\univercity\year 3\game project design and plan\gameengine 2015\gameengine\debug\camera.obj
c:\users\alan easdale\documents\univercity\year 3\game project design and plan\gameengine 2015\gameengine\debug\clock.obj
c:\users\alan easdale\documents\univercity\year 3\game project design and plan\gameengine 2015\gameengine\debug\gamecontext.obj
c:\users\alan easdale\documents\univercity\year 3\game project design and plan\gameengine 2015\gameengine\debug\gameengine.obj
c:\users\alan easdale\documents\univercity\year 3\game project design and plan\gameengine 2015\gameengine\debug\glslprogram.obj
c:\users\alan easdale\documents\univercity\year 3\game project design and plan\gameengine 2015\gameengine\debug\inputmanager.obj
c:\users\alan easdale\documents\univercity\year 3\game project design and plan\gameengine 2015\gameengine\debug\particlebatch2d.obj
c:\users\alan easdale\documents\univercity\year 3\game project design and plan\gameengine 2015\gameengine\debug\particleengine.obj
c:\users\alan easdale\documents\univercity\year 3\game project design and plan\gameengine 2015\gameengine\debug\audioenginewrapper.obj
c:\users\alan easdale\documents\univercity\year 3\game project design and plan\gameengine 2015\gameengine\debug\utility.obj
c:\users\alan easdale\documents\univercity\year 3\game project design and plan\gameengine 2015\gameengine\debug\resourcemanager.obj
c:\users\alan easdale\documents\univercity\year 3\game project design and plan\gameengine 2015\gameengine\debug\sprite.obj
c:\users\alan easdale\documents\univercity\year 3\game project design and plan\gameengine 2015\gameengine\debug\spritebatch.obj
c:\users\alan easdale\documents\univercity\year 3\game project design and plan\gameengine 2015\gameengine\debug\spritefont.obj
c:\users\alan easdale\documents\univercity\year 3\game project design and plan\gameengine 2015\gameengine\debug\texturemanager.obj
c:\users\alan easdale\documents\univercity\year 3\game project design and plan\gameengine 2015\gameengine\debug\time.obj
c:\users\alan easdale\documents\univercity\year 3\game project design and plan\gameengine 2015\gameengine\debug\window.obj
c:\users\alan easdale\documents\univercity\year 3\game project design and plan\gameengine 2015\debug\gameengine.lib
c:\users\alan easdale\documents\univercity\year 3\game project design and plan\gameengine 2015\debug\gameengine.pdb
c:\users\alan easdale\documents\univercity\year 3\game project design and plan\gameengine 2015\gameengine\debug\gameengine.tlog\cl.command.1.tlog
c:\users\alan easdale\documents\univercity\year 3\game project design and plan\gameengine 2015\gameengine\debug\gameengine.tlog\cl.read.1.tlog
c:\users\alan easdale\documents\univercity\year 3\game project design and plan\gameengine 2015\gameengine\debug\gameengine.tlog\cl.write.1.tlog
c:\users\alan easdale\documents\univercity\year 3\game project design and plan\gameengine 2015\gameengine\debug\gameengine.tlog\lib-link.read.1.tlog
c:\users\alan easdale\documents\univercity\year 3\game project design and plan\gameengine 2015\gameengine\debug\gameengine.tlog\lib-link.write.1.tlog
c:\users\alan easdale\documents\univercity\year 3\game project design and plan\gameengine 2015\gameengine\debug\gameengine.tlog\lib.command.1.tlog
